2422 4312 6577 
6576 5644 4325 
5435 6456 4576 
2312 2657 3292 3587 
3273 3203 3493 9298 
2193 2143 6576 6322 
3 4
Unrecognized command
Cannot perform matrix multiplication
No matrix with the given index
No matrix with the given index
Unrecognized command
Unrecognized command
Unrecognized command
Unrecognized command
Unrecognized command
Unrecognized command
Unrecognized command
No matrix with the given index
No matrix with the given index
No matrix with the given index
4330 4243 5453 
2432 4322 6785 
Cannot perform matrix multiplication
4330 4243 5453 
2432 4322 6785 
